<?xml version="1.0" encoding="UTF-8"?>
<!-- Generated by org.testng.reporters.JUnitReportReporter -->
<testsuite hostname="DESKTOP-JO3HRJJ" failures="0" tests="8" name="testpkg.Swiggytest" time="91.250" errors="0" timestamp="2024-01-07T21:38:13 IST" skipped="0">
  <testcase classname="testpkg.Swiggytest" name="swiggylogin" time="16.068"/>
  <system-out/>
  <testcase classname="testpkg.Swiggytest" name="swiggyprof" time="2.847"/>
  <system-out/>
  <testcase classname="testpkg.Swiggytest" name="swiggyid" time="0.112"/>
  <system-out/>
  <testcase classname="testpkg.Swiggytest" name="addlocation" time="11.277"/>
  <system-out/>
  <testcase classname="testpkg.Swiggytest" name="orders" time="33.676"/>
  <system-out/>
  <testcase classname="testpkg.Swiggytest" name="Address" time="10.440"/>
  <system-out/>
  <testcase classname="testpkg.Swiggytest" name="pymnt" time="13.755"/>
  <system-out/>
  <testcase classname="testpkg.Swiggytest" name="signout" time="3.075"/>
  <system-out/>
</testsuite> <!-- testpkg.Swiggytest -->
